<?xml version="1.0" encoding="UTF-8"?>
<!-- Generated by org.testng.reporters.JUnitXMLReporter -->
<testsuite ignored="0" hostname="DESKTOP-N5RMB4R" failures="0" tests="5" name="Test" time="114.377" errors="0" timestamp="2024-01-23T12:00:30 IST">
  <testcase classname="advanceSeleniumTesting.TC_DWS_001" name="toCheckBooks" time="1.624"/>
  <testcase classname="advanceSeleniumTesting.TC_DWS_002" name="toCheckComputers" time="1.027"/>
  <testcase classname="advanceSeleniumTesting.TC_DWS_003" name="toCheckElectroics" time="1.256"/>
  <testcase classname="advanceSeleniumTesting.TC_DWS_004" name="toCheckElectroics" time="1.646"/>
  <testcase classname="advanceSeleniumTesting.TC_DWS_005" name="toCheckElectroics" time="2.336"/>
</testsuite> <!-- Test -->
